2020-10-13 00:13:10,460 INFO PlayBook [main] Testing is going well.
2020-10-13 00:13:11,105 ERROR ConnectionFactory [main] The server time zone value 'EDT' is unrecognized or represents more than one time zone. You must configure either the server or JDBC driver (via the serverTimezone configuration property) to use a more specifc time zone value if you want to utilize time zone support.
2020-10-13 00:13:11,107 ERROR ConnectionFactory [main] Connection error, Failed to connect to MySQL
2020-10-13 00:13:10,501 ERROR PlayBook [main] Temperature is too high.
2020-10-13 00:13:11,115 INFO CounterPrime [Thread-1] New prime number found, value :2
2020-10-13 00:13:11,115 INFO CounterPrime [Thread-1] New prime number found, value :3
2020-10-13 00:13:11,116 INFO CounterPrime [Thread-1] New prime number found, value :5
2020-10-13 00:13:11,116 INFO CounterPrime [Thread-1] New prime number found, value :7
2020-10-13 00:13:11,143 ERROR ConnectionFactory [main] The server time zone value 'EDT' is unrecognized or represents more than one time zone. You must configure either the server or JDBC driver (via the serverTimezone configuration property) to use a more specifc time zone value if you want to utilize time zone support.
2020-10-13 00:13:11,144 ERROR ConnectionFactory [main] Connection error, Failed to connect to MySQL
2020-10-13 00:13:11,114 ERROR PlayBook [main] Ending Main-thread execution.
2020-10-13 00:20:07,187 INFO PlayBook [main] Testing is going well.
2020-10-13 00:20:07,742 ERROR ConnectionFactory [main] The server time zone value 'EDT' is unrecognized or represents more than one time zone. You must configure either the server or JDBC driver (via the serverTimezone configuration property) to use a more specifc time zone value if you want to utilize time zone support.
2020-10-13 00:20:07,747 ERROR ConnectionFactory [main] Connection error, Failed to connect to MySQL
2020-10-13 00:20:07,190 ERROR PlayBook [main] Temperature is too high.
2020-10-13 00:20:07,756 INFO CounterPrime [Thread-1] New prime number found, value :2
2020-10-13 00:20:07,756 INFO CounterPrime [Thread-1] New prime number found, value :3
2020-10-13 00:20:07,756 INFO CounterPrime [Thread-1] New prime number found, value :5
2020-10-13 00:20:07,756 INFO CounterPrime [Thread-1] New prime number found, value :7
2020-10-13 00:20:07,791 ERROR ConnectionFactory [main] The server time zone value 'EDT' is unrecognized or represents more than one time zone. You must configure either the server or JDBC driver (via the serverTimezone configuration property) to use a more specifc time zone value if you want to utilize time zone support.
2020-10-13 00:20:07,794 ERROR ConnectionFactory [main] Connection error, Failed to connect to MySQL
2020-10-13 00:20:07,755 ERROR PlayBook [main] Ending Main-thread execution.
2020-10-13 00:33:33,528 INFO PlayBook [main] Testing is going well.
2020-10-13 00:33:34,159 ERROR ConnectionFactory [main] The server time zone value 'EDT' is unrecognized or represents more than one time zone. You must configure either the server or JDBC driver (via the serverTimezone configuration property) to use a more specifc time zone value if you want to utilize time zone support.
2020-10-13 00:33:34,164 ERROR ConnectionFactory [main] Connection error, Failed to connect to MySQL
2020-10-13 00:33:33,531 ERROR PlayBook [main] Temperature is too high.
2020-10-13 00:33:34,172 INFO CounterPrime [Thread-1] New prime number found, value :2
2020-10-13 00:33:34,173 INFO CounterPrime [Thread-1] New prime number found, value :3
2020-10-13 00:33:34,173 INFO CounterPrime [Thread-1] New prime number found, value :5
2020-10-13 00:33:34,173 INFO CounterPrime [Thread-1] New prime number found, value :7
2020-10-13 00:33:34,199 ERROR ConnectionFactory [main] The server time zone value 'EDT' is unrecognized or represents more than one time zone. You must configure either the server or JDBC driver (via the serverTimezone configuration property) to use a more specifc time zone value if you want to utilize time zone support.
2020-10-13 00:33:34,200 ERROR ConnectionFactory [main] Connection error, Failed to connect to MySQL
2020-10-13 00:33:34,172 ERROR PlayBook [main] Ending Main-thread execution.
2020-10-13 00:40:17,910 INFO PlayBook [main] Testing is going well.
2020-10-13 00:40:18,499 INFO ConnectionFactory [main] Connection to Database successful
2020-10-13 00:40:17,913 ERROR PlayBook [main] Temperature is too high.
2020-10-13 00:40:18,608 INFO CounterPrime [Thread-1] New prime number found, value :2
2020-10-13 00:40:18,609 INFO CounterPrime [Thread-1] New prime number found, value :3
2020-10-13 00:40:18,609 INFO CounterPrime [Thread-1] New prime number found, value :5
2020-10-13 00:40:18,609 INFO CounterPrime [Thread-1] New prime number found, value :7
2020-10-13 00:40:18,640 INFO ConnectionFactory [main] Connection to Database successful
2020-10-13 00:40:18,607 ERROR PlayBook [main] Ending Main-thread execution.
2020-10-13 00:42:42,913 INFO PlayBook [main] Testing is going well.
2020-10-13 00:42:43,432 INFO ConnectionFactory [main] Connection to Database successful
2020-10-13 00:42:42,916 ERROR PlayBook [main] Temperature is too high.
2020-10-13 00:42:43,595 INFO CounterPrime [Thread-1] New prime number found, value :2
2020-10-13 00:42:43,597 INFO CounterPrime [Thread-1] New prime number found, value :3
2020-10-13 00:42:43,598 INFO CounterPrime [Thread-1] New prime number found, value :5
2020-10-13 00:42:43,598 INFO CounterPrime [Thread-1] New prime number found, value :7
2020-10-13 00:42:43,631 INFO ConnectionFactory [main] Connection to Database successful
2020-10-13 00:42:43,594 ERROR PlayBook [main] Ending Main-thread execution.
2020-10-13 00:56:57,855 INFO PlayBook [main] Testing is going well.
2020-10-13 00:56:58,364 ERROR ConnectionFactory [main] The server time zone value 'EDT' is unrecognized or represents more than one time zone. You must configure either the server or JDBC driver (via the serverTimezone configuration property) to use a more specifc time zone value if you want to utilize time zone support.
2020-10-13 00:56:58,368 ERROR ConnectionFactory [main] Connection error, Failed to connect to MySQL
2020-10-13 00:56:57,858 ERROR PlayBook [main] Temperature is too high.
2020-10-13 00:56:58,375 INFO CounterPrime [Thread-1] New prime number found, value :2
2020-10-13 00:56:58,375 INFO CounterPrime [Thread-1] New prime number found, value :3
2020-10-13 00:56:58,376 INFO CounterPrime [Thread-1] New prime number found, value :5
2020-10-13 00:56:58,376 INFO CounterPrime [Thread-1] New prime number found, value :7
2020-10-13 00:56:58,402 ERROR ConnectionFactory [main] The server time zone value 'EDT' is unrecognized or represents more than one time zone. You must configure either the server or JDBC driver (via the serverTimezone configuration property) to use a more specifc time zone value if you want to utilize time zone support.
2020-10-13 00:56:58,403 ERROR ConnectionFactory [main] Connection error, Failed to connect to MySQL
2020-10-13 00:56:58,374 ERROR PlayBook [main] Ending Main-thread execution.
2020-10-13 00:57:09,902 INFO PlayBook [main] Testing is going well.
2020-10-13 00:57:10,412 INFO ConnectionFactory [main] Connection to Database successful
2020-10-13 00:57:09,905 ERROR PlayBook [main] Temperature is too high.
2020-10-13 00:57:10,573 INFO CounterPrime [Thread-1] New prime number found, value :2
2020-10-13 00:57:10,573 INFO CounterPrime [Thread-1] New prime number found, value :3
2020-10-13 00:57:10,573 INFO CounterPrime [Thread-1] New prime number found, value :5
2020-10-13 00:57:10,574 INFO CounterPrime [Thread-1] New prime number found, value :7
2020-10-13 00:57:10,604 INFO ConnectionFactory [main] Connection to Database successful
2020-10-13 00:57:10,572 ERROR PlayBook [main] Ending Main-thread execution.
