16:16:38.987 [main] ERROR PlayBook - Temp is too hot.
11:16:40.703 [main] ERROR PlayBook - Temperature is too high.
11:19:38.122 [main] ERROR PlayBook - Temperature is too high.
12:10:10.024 [main] ERROR PlayBook - Temperature is too high.
12:28:46.247 [main] ERROR  PlayBook - Temperature is too high.
12:29:19.458 [main] ERROR  PlayBook - Temperature is too high.
12:29:40.786 [main] ERROR  PlayBook - Temperature is too high.
12:30:13.072 [main] ERROR  PlayBook - Temperature is too high.
12:31:11.853 [main] ERROR  PlayBook - Temperature is too high.
12:32:02.945 [main] ERROR  PlayBook - Temperature is too high.
12:36:22.803 [main] ERROR  PlayBook - Temperature is too high.
12:37:26.375 [main] ERROR  PlayBook - Temperature is too high.
12:38:53.890 [main] ERROR  PlayBook - Temperature is too high.
12:39:24.019 [main] ERROR  PlayBook - Temperature is too high.
12:41:38.074 [main] [32mERROR[m  PlayBook - Temperature is too high.
12:42:30.326 [main] [32mERROR[m  PlayBook - Temperature is too high.
12:43:29.552 [main] ERROR  PlayBook - Temperature is too high.
12:43:49.371 [main] [30m2020-10-09 12:43:49,371 [main][m ERROR  PlayBook - Temperature is too high.
12:44:17.350 [main] ERROR  PlayBook - Temperature is too high.
12:46:29.878 [main] ERROR  PlayBook - Temperature is too high.
12:47:46.720 [main] [1;36mERROR[m PlayBook - Temperature is too high.
12:49:06.223 [main] ERROR PlayBook - Temperature is too high.
12:50:10.188 [main] ERROR PlayBook - Temperature is too high.
13:02:11.470 [main] ERROR PlayBook - Temperature is too high.
13:02:32.640 [main] ERROR PlayBook - Temperature is too high.
13:03:19.174 [main] ERROR PlayBook - Temperature is too high.
13:04:06.648 [main] ERROR PlayBook - Temperature is too high.
13:05:31.055 [main] ERROR PlayBook - Temperature is too high.
13:44:22.255 [main] ERROR PlayBook - Temperature is too high.
13:45:43.037 [main] ERROR PlayBook - Temperature is too high.
14:02:04.764 [main] ERROR PlayBook - Temperature is too high.
14:17:49.516 [main] ERROR PlayBook - Temperature is too high.
14:19:50.613 [main] ERROR PlayBook - Temperature is too high.
16:47:21.160 [main] ERROR PlayBook - Temperature is too high.
16:52:02.558 [main] ERROR PlayBook - Temperature is too high.
16:54:41.258 [main] ERROR PlayBook - Temperature is too high.
16:56:42.894 [main] ERROR PlayBook - Temperature is too high.
16:58:41.800 [main] ERROR PlayBook - Temperature is too high.
17:06:39.878 [main] ERROR PlayBook - Temperature is too high.
17:17:24.473 [main] ERROR PlayBook - Temperature is too high.
18:33:52.984 [main] ERROR PlayBook - Temperature is too high.
18:34:36.453 [main] ERROR PlayBook - Temperature is too high.
18:47:30.072 [main] ERROR PlayBook - Temperature is too high.
19:08:33.640 [main] ERROR PlayBook - Temperature is too high.
19:15:44.675 [main] ERROR PlayBook - Temperature is too high.
19:20:10.934 [main] ERROR PlayBook - Temperature is too high.
19:22:10.140 [main] ERROR PlayBook - Temperature is too high.
19:23:02.283 [main] ERROR PlayBook - Temperature is too high.
19:26:28.028 [main] ERROR PlayBook - Temperature is too high.
19:26:28.267 [main] ERROR ConnectionFactory - Client does not support authentication protocol requested by server; consider upgrading MySQL client
19:30:32.028 [main] ERROR PlayBook - Temperature is too high.
19:30:32.285 [main] ERROR ConnectionFactory - Unknown initial character set index '255' received from server. Initial client character set can be forced via the 'characterEncoding' property.
19:42:06.720 [main] ERROR PlayBook - Temperature is too high.
19:44:02.744 [main] ERROR PlayBook - Temperature is too high.
19:44:50.976 [main] ERROR PlayBook - Temperature is too high.
19:45:54.675 [main] ERROR PlayBook - Temperature is too high.
19:48:18.926 [main] ERROR PlayBook - Temperature is too high.
19:55:58.015 [main] ERROR PlayBook - Temperature is too high.
19:56:38.678 [main] ERROR PlayBook - Temperature is too high.
20:06:44.963 [main] ERROR PlayBook - Temperature is too high.
20:26:25.399 [main] ERROR PlayBook - Temperature is too high.
20:26:25.753 [main] ERROR PlayBook - Ending Main-thread execution.
20:28:43.174 [main] ERROR PlayBook - Temperature is too high.
20:28:43.471 [main] ERROR PlayBook - Ending Main-thread execution.
20:30:11.153 [main] ERROR PlayBook - Temperature is too high.
20:30:11.491 [main] ERROR PlayBook - Ending Main-thread execution.
20:31:24.568 [main] ERROR PlayBook - Temperature is too high.
20:31:24.894 [main] ERROR PlayBook - Ending Main-thread execution.
